<?xml version="1.0" encoding="UTF-8"?>
<testsuites>
  <testsuite name="fastlane.lanes">
    
    
    
      
      <testcase classname="fastlane.lanes" name="0: default_platform" time="0.00102">
        
      </testcase>
    
      
      <testcase classname="fastlane.lanes" name="1: gradle" time="29.081101">
        
          <failure message="/Users/luisgomez/.rvm/gems/ruby-2.5.3/gems/fastlane-2.128.0/fastlane/lib/fastlane/actions/actions_helper.rb:48:in `execute_action'&#10;/Users/luisgomez/.rvm/gems/ruby-2.5.3/gems/fastlane-2.128.0/fastlane/lib/fastlane/runner.rb:235:in `block in execute_action'&#10;/Users/luisgomez/.rvm/gems/ruby-2.5.3/gems/fastlane-2.128.0/fastlane/lib/fastlane/runner.rb:227:in `chdir'&#10;/Users/luisgomez/.rvm/gems/ruby-2.5.3/gems/fastlane-2.128.0/fastlane/lib/fastlane/runner.rb:227:in `execute_action'&#10;/Users/luisgomez/.rvm/gems/ruby-2.5.3/gems/fastlane-2.128.0/fastlane/lib/fastlane/runner.rb:157:in `trigger_action_by_name'&#10;/Users/luisgomez/.rvm/gems/ruby-2.5.3/gems/fastlane-2.128.0/fastlane/lib/fastlane/fast_file.rb:154:in `method_missing'&#10;Fastfile:58:in `block (2 levels) in parsing_binding'&#10;/Users/luisgomez/.rvm/gems/ruby-2.5.3/gems/fastlane-2.128.0/fastlane/lib/fastlane/lane.rb:33:in `call'&#10;/Users/luisgomez/.rvm/gems/ruby-2.5.3/gems/fastlane-2.128.0/fastlane/lib/fastlane/runner.rb:49:in `block in execute'&#10;/Users/luisgomez/.rvm/gems/ruby-2.5.3/gems/fastlane-2.128.0/fastlane/lib/fastlane/runner.rb:45:in `chdir'&#10;/Users/luisgomez/.rvm/gems/ruby-2.5.3/gems/fastlane-2.128.0/fastlane/lib/fastlane/runner.rb:45:in `execute'&#10;/Users/luisgomez/.rvm/gems/ruby-2.5.3/gems/fastlane-2.128.0/fastlane/lib/fastlane/lane_manager.rb:56:in `cruise_lane'&#10;/Users/luisgomez/.rvm/gems/ruby-2.5.3/gems/fastlane-2.128.0/fastlane/lib/fastlane/command_line_handler.rb:36:in `handle'&#10;/Users/luisgomez/.rvm/gems/ruby-2.5.3/gems/fastlane-2.128.0/fastlane/lib/fastlane/commands_generator.rb:108:in `block (2 levels) in run'&#10;/Users/luisgomez/.rvm/rubies/ruby-2.5.3/lib/ruby/gems/2.5.0/gems/commander-fastlane-4.4.6/lib/commander/command.rb:178:in `call'&#10;/Users/luisgomez/.rvm/rubies/ruby-2.5.3/lib/ruby/gems/2.5.0/gems/commander-fastlane-4.4.6/lib/commander/command.rb:153:in `run'&#10;/Users/luisgomez/.rvm/rubies/ruby-2.5.3/lib/ruby/gems/2.5.0/gems/commander-fastlane-4.4.6/lib/commander/runner.rb:476:in `run_active_command'&#10;/Users/luisgomez/.rvm/gems/ruby-2.5.3/gems/fastlane-2.128.0/fastlane_core/lib/fastlane_core/ui/fastlane_runner.rb:76:in `run!'&#10;/Users/luisgomez/.rvm/rubies/ruby-2.5.3/lib/ruby/gems/2.5.0/gems/commander-fastlane-4.4.6/lib/commander/delegates.rb:15:in `run!'&#10;/Users/luisgomez/.rvm/gems/ruby-2.5.3/gems/fastlane-2.128.0/fastlane/lib/fastlane/commands_generator.rb:333:in `run'&#10;/Users/luisgomez/.rvm/gems/ruby-2.5.3/gems/fastlane-2.128.0/fastlane/lib/fastlane/commands_generator.rb:41:in `start'&#10;/Users/luisgomez/.rvm/gems/ruby-2.5.3/gems/fastlane-2.128.0/fastlane/lib/fastlane/cli_tools_distributor.rb:119:in `take_off'&#10;/Users/luisgomez/.rvm/gems/ruby-2.5.3/gems/fastlane-2.128.0/bin/fastlane:23:in `&lt;top (required)&gt;'&#10;/Users/luisgomez/.rvm/gems/ruby-2.5.3/bin/fastlane:23:in `load'&#10;/Users/luisgomez/.rvm/gems/ruby-2.5.3/bin/fastlane:23:in `&lt;main&gt;'&#10;/Users/luisgomez/.rvm/gems/ruby-2.5.3/bin/ruby_executable_hooks:24:in `eval'&#10;/Users/luisgomez/.rvm/gems/ruby-2.5.3/bin/ruby_executable_hooks:24:in `&lt;main&gt;'&#10;&#10;Exit status of command '/Users/luisgomez/dev/mood/mood_mobile/android/gradlew clean assembleRelease -p ./android' was 1 instead of 0.&#10;&#10;&gt; Configure project :app&#10;WARNING: The following project options are deprecated and have been removed: &#10;android.enableAapt2&#10;This property has no effect, AAPT2 is now always used.&#10;&#10;&#10;Could not find google-services.json while looking in [src/nullnull/debug, src/debug/nullnull, src/nullnull, src/debug, src/nullnullDebug]&#10;registerResGeneratingTask is deprecated, use registerGeneratedResFolders(FileCollection)&#10;Could not find google-services.json while looking in [src/nullnull/release, src/release/nullnull, src/nullnull, src/release, src/nullnullRelease]&#10;registerResGeneratingTask is deprecated, use registerGeneratedResFolders(FileCollection)&#10;&#10;&gt; Configure project :react-native-branch&#10;WARNING: The following project options are deprecated and have been removed: &#10;android.enableAapt2&#10;This property has no effect, AAPT2 is now always used.&#10;&#10;&#10;&#10;&gt; Configure project :react-native-device-info&#10;WARNING: The following project options are deprecated and have been removed: &#10;android.enableAapt2&#10;This property has no effect, AAPT2 is now always used.&#10;&#10;&#10;&#10;&gt; Configure project :react-native-firebase&#10;WARNING: The following project options are deprecated and have been removed: &#10;android.enableAapt2&#10;This property has no effect, AAPT2 is now always used.&#10;&#10;&#10;react-native-firebase: using React Native prebuilt binary from /Users/luisgomez/dev/mood/mood_mobile/node_modules/react-native/android&#10;&#10;&gt; Configure project :react-native-google-signin&#10;WARNING: The following project options are deprecated and have been removed: &#10;android.enableAapt2&#10;This property has no effect, AAPT2 is now always used.&#10;&#10;&#10;&#10;&gt; Configure project :react-native-restart&#10;WARNING: The following project options are deprecated and have been removed: &#10;android.enableAapt2&#10;This property has no effect, AAPT2 is now always used.&#10;&#10;&#10;&#10;&gt; Configure project :react-native-splash-screen&#10;WARNING: The following project options are deprecated and have been removed: &#10;android.enableAapt2&#10;This property has no effect, AAPT2 is now always used.&#10;&#10;&#10;&#10;&gt; Configure project :react-native-track-player&#10;WARNING: The following project options are deprecated and have been removed: &#10;android.enableAapt2&#10;This property has no effect, AAPT2 is now always used.&#10;&#10;&#10;&#10;&gt; Task :app:clean&#10;&gt; Task :react-native-branch:clean&#10;&gt; Task :react-native-device-info:clean&#10;&gt; Task :react-native-firebase:clean&#10;&gt; Task :react-native-google-signin:clean&#10;&gt; Task :react-native-restart:clean&#10;&gt; Task :react-native-splash-screen:clean&#10;&gt; Task :react-native-track-player:clean&#10;&gt; Task :app:preBuild UP-TO-DATE&#10;&gt; Task :react-native-branch:preBuild UP-TO-DATE&#10;&gt; Task :react-native-branch:preReleaseBuild UP-TO-DATE&#10;&gt; Task :react-native-branch:checkReleaseManifest&#10;&gt; Task :react-native-branch:processReleaseManifest&#10;&gt; Task :react-native-device-info:preBuild UP-TO-DATE&#10;&gt; Task :react-native-device-info:preReleaseBuild UP-TO-DATE&#10;&gt; Task :react-native-device-info:checkReleaseManifest&#10;&gt; Task :react-native-device-info:processReleaseManifest&#10;&gt; Task :react-native-firebase:preBuild UP-TO-DATE&#10;&gt; Task :react-native-firebase:preReleaseBuild UP-TO-DATE&#10;&gt; Task :react-native-firebase:checkReleaseManifest&#10;&gt; Task :react-native-firebase:processReleaseManifest&#10;&gt; Task :react-native-google-signin:preBuild UP-TO-DATE&#10;&gt; Task :react-native-google-signin:preReleaseBuild UP-TO-DATE&#10;&gt; Task :react-native-google-signin:checkReleaseManifest&#10;&gt; Task :react-native-google-signin:processReleaseManifest&#10;&gt; Task :react-native-restart:preBuild UP-TO-DATE&#10;&gt; Task :react-native-restart:preReleaseBuild UP-TO-DATE&#10;&gt; Task :react-native-restart:checkReleaseManifest&#10;&gt; Task :react-native-restart:processReleaseManifest&#10;&gt; Task :react-native-splash-screen:preBuild UP-TO-DATE&#10;&gt; Task :react-native-splash-screen:preReleaseBuild UP-TO-DATE&#10;&gt; Task :react-native-splash-screen:checkReleaseManifest&#10;&gt; Task :react-native-splash-screen:processReleaseManifest&#10;&gt; Task :react-native-track-player:preBuild UP-TO-DATE&#10;&gt; Task :react-native-track-player:preReleaseBuild UP-TO-DATE&#10;&gt; Task :react-native-track-player:checkReleaseManifest&#10;&gt; Task :react-native-track-player:processReleaseManifest&#10;&gt; Task :app:preReleaseBuild&#10;&gt; Task :react-native-branch:compileReleaseAidl NO-SOURCE&#10;&gt; Task :react-native-device-info:compileReleaseAidl NO-SOURCE&#10;&gt; Task :react-native-firebase:compileReleaseAidl NO-SOURCE&#10;&gt; Task :react-native-google-signin:compileReleaseAidl NO-SOURCE&#10;&gt; Task :react-native-restart:compileReleaseAidl NO-SOURCE&#10;&gt; Task :react-native-splash-screen:compileReleaseAidl NO-SOURCE&#10;&gt; Task :react-native-track-player:compileReleaseAidl NO-SOURCE&#10;&gt; Task :app:compileReleaseAidl NO-SOURCE&#10;&gt; Task :react-native-branch:packageReleaseRenderscript NO-SOURCE&#10;&gt; Task :react-native-device-info:packageReleaseRenderscript NO-SOURCE&#10;&gt; Task :react-native-firebase:packageReleaseRenderscript NO-SOURCE&#10;&gt; Task :react-native-google-signin:packageReleaseRenderscript NO-SOURCE&#10;&gt; Task :react-native-restart:packageReleaseRenderscript NO-SOURCE&#10;&gt; Task :react-native-splash-screen:packageReleaseRenderscript NO-SOURCE&#10;&gt; Task :react-native-track-player:packageReleaseRenderscript NO-SOURCE&#10;&gt; Task :app:compileReleaseRenderscript NO-SOURCE&#10;&gt; Task :app:checkReleaseManifest&#10;&gt; Task :app:generateReleaseBuildConfig&#10;&#10;&gt; Task :app:bundleReleaseJsAndAssets&#10;warning: the transform cache was reset.&#10;Loading dependency graph, done.&#10;error SyntaxError: /Users/luisgomez/dev/mood/mood_mobile/src/screens/play/index.js: Unexpected token (116:23)&#10;&#10;  114 |   async componentDidUpdate() {&#10;  115 |     if (this.state.curTrack.id !== this.props.curTrack.id) {&#10;&gt; 116 |       const newCurTrack;&#10;      |                        ^&#10;  117 |       const newCurTrackIndex;&#10;  118 | &#10;  119 |       newCurTrack = await TrackPlayer.getTrack(await TrackPlayer.getCurrentTrack());. Run CLI with --verbose flag for more details.&#10;&#10;&gt; Task :app:bundleReleaseJsAndAssets FAILED&#10;&#10;FAILURE: Build failed with an exception.&#10;&#10;* What went wrong:&#10;Execution failed for task ':app:bundleReleaseJsAndAssets'.&#10;&gt; Process 'command 'node'' finished with non-zero exit value 1&#10;&#10;* Try:&#10;Run with --stacktrace option to get the stack trace. Run with --info or --debug option to get more log output. Run with --scan to get full insights.&#10;&#10;* Get more help at https://help.gradle.org&#10;&#10;BUILD FAILED in 28s&#10;26 actionable tasks: 26 executed&#10;" />
        
      </testcase>
    
  </testsuite>
</testsuites>
